C51 COMPILER V9.54   MAIN                                                                  01/28/2024 14:37:33 PAGE 1   


C51 COMPILER V9.54, COMPILATION OF MODULE MAIN
OBJECT MODULE PLACED IN .\Objects\main.obj
COMPILER INVOKED BY: D:\Apps\Keil5\C51\BIN\C51.EXE main.c OPTIMIZE(8,SPEED) BROWSE DEBUG OBJECTEXTEND PRINT(.\Listings\m
                    -ain.lst) TABS(2) OBJECT(.\Objects\main.obj)

line level    source

   1          #include <REGX52.H>
   2          #include <INTRINS.h>
   3          
   4          void Delayms(unsigned int xms)    //@11.0592MHz
   5          {
   6   1        unsigned char i, j;
   7   1        while(xms)
   8   1        {
   9   2          _nop_();
  10   2          i = 2;
  11   2          j = 199;
  12   2          do
  13   2          {
  14   3            while (--j);
  15   3          } while (--i);  
  16   2          xms--;
  17   2        }
  18   1      }
  19          
  20          
  21          void  main()
  22          {
  23   1        unsigned char LEDnum = 1;
  24   1        while (1)
  25   1        {
  26   2          if (P3_1 == 0)
  27   2          {
  28   3            Delayms(20);
  29   3            while(P3_1 == 0);
  30   3            Delayms(20);
  31   3            
  32   3            // P2_0 = ~P2_0;
  33   3            // P2 默认为 1111 1111
  34   3            // P2--; // 第一次执行后为 1111 1110
  35   3            
  36   3            P2 = ~LEDnum;
  37   3            LEDnum <<= 1;
  38   3          }
  39   2      
  40   2        }
  41   1      }
  42          


MODULE INFORMATION:   STATIC OVERLAYABLE
   CODE SIZE        =     53    ----
   CONSTANT SIZE    =   ----    ----
   XDATA SIZE       =   ----    ----
   PDATA SIZE       =   ----    ----
   DATA SIZE        =   ----    ----
   IDATA SIZE       =   ----    ----
   BIT SIZE         =   ----    ----
END OF MODULE INFORMATION.


C51 COMPILATION COMPLETE.  0 WARNING(S),  0 ERROR(S)
