2022-12-28 12:32:36,821 [Worker-6: Loading available Gradle versions] INFO  o.e.b.c.i.u.g.PublishedGradleVersions - Gradle version information cache is not available. Remote download required.
2022-12-28 12:36:04,147 [Worker-12: https://ftp.jaist.ac.jp/pub/eclipse/technology/babel/update-site/R0.19.2/2021-12/features/org.eclipse.babel.nls_technology.egit_zh_4.22.0.v20211218020001.jar] INFO  o.a.h.c.h.i.c.HttpRequestRetryExec - Recoverable I/O exception (org.apache.hc.core5.http.NoHttpResponseException) caught when processing request to {s}->https://ftp.jaist.ac.jp:443
2022-12-28 12:36:06,104 [Worker-12: https://ftp.jaist.ac.jp/pub/eclipse/technology/babel/update-site/R0.19.2/2021-12/features/org.eclipse.babel.nls_technology.tm4e_zh_4.22.0.v20211218020001.jar] INFO  o.a.h.c.h.i.c.HttpRequestRetryExec - Recoverable I/O exception (org.apache.hc.core5.http.NoHttpResponseException) caught when processing request to {s}->https://ftp.jaist.ac.jp:443
2022-12-28 12:36:51,683 [Worker-15: https://ftp.jaist.ac.jp/pub/eclipse/technology/babel/update-site/R0.19.2/2021-12/plugins/org.eclipse.compare.nl_zh_4.22.0.v20211218020001.jar] INFO  o.a.h.c.h.i.c.HttpRequestRetryExec - Recoverable I/O exception (org.apache.hc.core5.http.NoHttpResponseException) caught when processing request to {s}->https://ftp.jaist.ac.jp:443
2022-12-28 12:36:52,244 [Worker-11: https://ftp.jaist.ac.jp/pub/eclipse/technology/babel/update-site/R0.19.2/2021-12/plugins/org.eclipse.compare.win32.nl_zh_4.22.0.v20211218020001.jar] INFO  o.a.h.c.h.i.c.HttpRequestRetryExec - Recoverable I/O exception (org.apache.hc.core5.http.NoHttpResponseException) caught when processing request to {s}->https://ftp.jaist.ac.jp:443
2022-12-28 12:37:42,124 [Worker-13: https://ftp.yz.yamagata-u.ac.jp/pub/eclipse/technology/babel/update-site/R0.19.2/2021-12/features/org.eclipse.babel.nls_tools.gef_zh_4.22.0.v20211218020001.jar] INFO  o.a.h.c.h.i.c.HttpRequestRetryExec - Recoverable I/O exception (org.apache.hc.core5.http.NoHttpResponseException) caught when processing request to {s}->https://ftp.yz.yamagata-u.ac.jp:443
2022-12-28 12:41:28,205 [Worker-11: https://ftp.jaist.ac.jp/pub/eclipse/technology/babel/update-site/R0.19.2/2021-12/plugins/org.eclipse.core.net.win32.x86_64.nl_zh_4.22.0.v20211218020001.jar] INFO  o.a.h.c.h.i.c.HttpRequestRetryExec - Recoverable I/O exception (org.apache.hc.core5.http.NoHttpResponseException) caught when processing request to {s}->https://ftp.jaist.ac.jp:443
2022-12-28 12:47:36,317 [Worker-15: https://ftp.yz.yamagata-u.ac.jp/pub/eclipse/technology/babel/update-site/R0.19.2/2021-12/plugins/org.eclipse.e4.ui.workbench3.nl_zh_4.22.0.v20211218020001.jar] INFO  o.a.h.c.h.i.c.HttpRequestRetryExec - Recoverable I/O exception (org.apache.hc.core5.http.NoHttpResponseException) caught when processing request to {s}->https://ftp.yz.yamagata-u.ac.jp:443
2022-12-28 12:48:24,635 [Worker-19: https://ftp.jaist.ac.jp/pub/eclipse/technology/babel/update-site/R0.19.2/2021-12/plugins/org.eclipse.emf.common.nl_zh_4.22.0.v20211218020001.jar] INFO  o.a.h.c.h.i.c.HttpRequestRetryExec - Recoverable I/O exception (org.apache.hc.core5.http.NoHttpResponseException) caught when processing request to {s}->https://ftp.jaist.ac.jp:443
2022-12-28 12:49:43,939 [Worker-7: https://ftp.jaist.ac.jp/pub/eclipse/technology/babel/update-site/R0.19.2/2021-12/plugins/org.eclipse.epp.mpc.help.ui.nl_zh_4.22.0.v20211218020001.jar] INFO  o.a.h.c.h.i.c.HttpRequestRetryExec - Recoverable I/O exception (org.apache.hc.core5.http.NoHttpResponseException) caught when processing request to {s}->https://ftp.jaist.ac.jp:443
2022-12-28 12:50:39,820 [Worker-12: https://ftp.jaist.ac.jp/pub/eclipse/technology/babel/update-site/R0.19.2/2021-12/plugins/org.eclipse.epp.package.java.nl_zh_4.22.0.v20211218020001.jar] INFO  o.a.h.c.h.i.c.HttpRequestRetryExec - Recoverable I/O exception (org.apache.hc.core5.http.NoHttpResponseException) caught when processing request to {s}->https://ftp.jaist.ac.jp:443
2022-12-28 12:52:22,692 [Worker-19: https://ftp.yz.yamagata-u.ac.jp/pub/eclipse/technology/babel/update-site/R0.19.2/2021-12/plugins/org.eclipse.equinox.bidi.nl_zh_4.22.0.v20211218020001.jar] INFO  o.a.h.c.h.i.c.HttpRequestRetryExec - Recoverable I/O exception (java.net.SocketException) caught when processing request to {s}->https://ftp.yz.yamagata-u.ac.jp:443
2022-12-28 12:54:25,900 [Worker-12: https://ftp.jaist.ac.jp/pub/eclipse/technology/babel/update-site/R0.19.2/2021-12/plugins/org.eclipse.equinox.p2.directorywatcher.nl_zh_4.22.0.v20211218020001.jar] INFO  o.a.h.c.h.i.c.HttpRequestRetryExec - Recoverable I/O exception (org.apache.hc.core5.http.NoHttpResponseException) caught when processing request to {s}->https://ftp.jaist.ac.jp:443
2022-12-28 12:54:57,162 [Worker-14: https://ftp.jaist.ac.jp/pub/eclipse/technology/babel/update-site/R0.19.2/2021-12/plugins/org.eclipse.equinox.p2.repository.tools.nl_zh_4.22.0.v20211218020001.jar] INFO  o.a.h.c.h.i.c.HttpRequestRetryExec - Recoverable I/O exception (org.apache.hc.core5.http.NoHttpResponseException) caught when processing request to {s}->https://ftp.jaist.ac.jp:443
2022-12-28 12:57:52,814 [Worker-20: https://ftp.jaist.ac.jp/pub/eclipse/technology/babel/update-site/R0.19.2/2021-12/plugins/org.eclipse.equinox.simpleconfigurator.manipulator.nl_zh_4.22.0.v20211218020001.jar] INFO  o.a.h.c.h.i.c.HttpRequestRetryExec - Recoverable I/O exception (org.apache.hc.core5.http.NoHttpResponseException) caught when processing request to {s}->https://ftp.jaist.ac.jp:443
2022-12-28 12:58:51,275 [Worker-19: https://ftp.yz.yamagata-u.ac.jp/pub/eclipse/technology/babel/update-site/R0.19.2/2021-12/plugins/org.eclipse.jdt.core.formatterapp.nl_zh_4.22.0.v20211218020001.jar] INFO  o.a.h.c.h.i.c.HttpRequestRetryExec - Recoverable I/O exception (java.net.SocketException) caught when processing request to {s}->https://ftp.yz.yamagata-u.ac.jp:443
2022-12-28 13:00:57,744 [Worker-17: https://ftp.jaist.ac.jp/pub/eclipse/technology/babel/update-site/R0.19.2/2021-12/plugins/org.eclipse.jsch.core.nl_zh_4.22.0.v20211218020001.jar] INFO  o.a.h.c.h.i.c.HttpRequestRetryExec - Recoverable I/O exception (org.apache.hc.core5.http.NoHttpResponseException) caught when processing request to {s}->https://ftp.jaist.ac.jp:443
2022-12-28 13:00:59,572 [Worker-11: https://ftp.jaist.ac.jp/pub/eclipse/technology/babel/update-site/R0.19.2/2021-12/plugins/org.eclipse.mylyn.wikitext.asciidoc.nl_zh_4.22.0.v20211218020001.jar] INFO  o.a.h.c.h.i.c.HttpRequestRetryExec - Recoverable I/O exception (org.apache.hc.core5.http.NoHttpResponseException) caught when processing request to {s}->https://ftp.jaist.ac.jp:443
2022-12-28 13:01:00,209 [Worker-10: https://ftp.jaist.ac.jp/pub/eclipse/technology/babel/update-site/R0.19.2/2021-12/plugins/org.eclipse.mylyn.wikitext.confluence.nl_zh_4.22.0.v20211218020001.jar] INFO  o.a.h.c.h.i.c.HttpRequestRetryExec - Recoverable I/O exception (org.apache.hc.core5.http.NoHttpResponseException) caught when processing request to {s}->https://ftp.jaist.ac.jp:443
2022-12-28 13:02:42,098 [Worker-18: https://ftp.yz.yamagata-u.ac.jp/pub/eclipse/technology/babel/update-site/R0.19.2/2021-12/plugins/org.eclipse.mylyn.wikitext.mediawiki.ui.nl_zh_4.22.0.v20211218020001.jar] INFO  o.a.h.c.h.i.c.HttpRequestRetryExec - Recoverable I/O exception (org.apache.hc.core5.http.NoHttpResponseException) caught when processing request to {s}->https://ftp.yz.yamagata-u.ac.jp:443
2022-12-28 13:03:39,367 [Worker-9: https://ftp.yz.yamagata-u.ac.jp/pub/eclipse/technology/babel/update-site/R0.19.2/2021-12/plugins/org.eclipse.osgi.services.nl_zh_4.22.0.v20211218020001.jar] INFO  o.a.h.c.h.i.c.HttpRequestRetryExec - Recoverable I/O exception (org.apache.hc.core5.http.NoHttpResponseException) caught when processing request to {s}->https://ftp.yz.yamagata-u.ac.jp:443
2022-12-28 13:06:21,428 [Worker-16: https://ftp.yz.yamagata-u.ac.jp/pub/eclipse//technology/babel/update-site/R0.19.2/2021-12/plugins/org.eclipse.tips.ide.nl_zh_4.22.0.v20211218020001.jar] INFO  o.a.h.c.h.i.c.HttpRequestRetryExec - Recoverable I/O exception (org.apache.hc.core5.http.NoHttpResponseException) caught when processing request to {s}->https://ftp.yz.yamagata-u.ac.jp:443
2022-12-28 13:06:41,268 [Worker-21: https://ftp.jaist.ac.jp/pub/eclipse/technology/babel/update-site/R0.19.2/2021-12/plugins/org.eclipse.ui.browser.nl_zh_4.22.0.v20211218020001.jar] INFO  o.a.h.c.h.i.c.HttpRequestRetryExec - Recoverable I/O exception (org.apache.hc.core5.http.NoHttpResponseException) caught when processing request to {s}->https://ftp.jaist.ac.jp:443
2022-12-28 13:06:43,979 [Worker-14: https://ftp.jaist.ac.jp/pub/eclipse/technology/babel/update-site/R0.19.2/2021-12/plugins/org.eclipse.ui.externaltools.nl_zh_4.22.0.v20211218020001.jar] INFO  o.a.h.c.h.i.c.HttpRequestRetryExec - Recoverable I/O exception (org.apache.hc.core5.http.NoHttpResponseException) caught when processing request to {s}->https://ftp.jaist.ac.jp:443
2022-12-28 13:11:28,932 [Worker-15: https://ftp.jaist.ac.jp/pub/eclipse/technology/babel/update-site/R0.19.2/2021-12/plugins/org.eclipse.urischeme.nl_zh_4.22.0.v20211218020001.jar] INFO  o.a.h.c.h.i.c.HttpRequestRetryExec - Recoverable I/O exception (org.apache.hc.core5.http.NoHttpResponseException) caught when processing request to {s}->https://ftp.jaist.ac.jp:443
2022-12-28 13:17:01,235 [Worker-8: Loading available Gradle versions] INFO  o.e.b.c.i.u.g.PublishedGradleVersions - Gradle version information cache is up-to-date. Trying to read.
2022-12-28 13:18:36,526 [Worker-8: Loading available Gradle versions] INFO  o.e.b.c.i.u.g.PublishedGradleVersions - Gradle version information cache is up-to-date. Trying to read.
2022-12-28 14:29:17,669 [Worker-2: Loading available Gradle versions] INFO  o.e.b.c.i.u.g.PublishedGradleVersions - Gradle version information cache is up-to-date. Trying to read.
2022-12-28 15:48:41,656 [Worker-1: Loading available Gradle versions] INFO  o.e.b.c.i.u.g.PublishedGradleVersions - Gradle version information cache is up-to-date. Trying to read.
2022-12-28 15:51:46,828 [Worker-6: Loading available Gradle versions] INFO  o.e.b.c.i.u.g.PublishedGradleVersions - Gradle version information cache is up-to-date. Trying to read.
2022-12-28 16:02:26,433 [Worker-4: Loading available Gradle versions] INFO  o.e.b.c.i.u.g.PublishedGradleVersions - Gradle version information cache is up-to-date. Trying to read.
2022-12-30 17:27:07,202 [Worker-4: Loading available Gradle versions] INFO  o.e.b.c.i.u.g.PublishedGradleVersions - Gradle version information cache is out-of-date. Trying to update.
2023-01-04 14:28:30,743 [Worker-4: Loading available Gradle versions] INFO  o.e.b.c.i.u.g.PublishedGradleVersions - Gradle version information cache is out-of-date. Trying to update.
2023-01-04 14:38:11,169 [Worker-8: Loading available Gradle versions] INFO  o.e.b.c.i.u.g.PublishedGradleVersions - Gradle version information cache is up-to-date. Trying to read.
2023-01-04 14:38:44,928 [Worker-9: Loading available Gradle versions] INFO  o.e.b.c.i.u.g.PublishedGradleVersions - Gradle version information cache is up-to-date. Trying to read.
2023-01-04 15:25:35,831 [Worker-10: Loading available Gradle versions] INFO  o.e.b.c.i.u.g.PublishedGradleVersions - Gradle version information cache is up-to-date. Trying to read.
2023-01-06 22:14:04,887 [Worker-4: Loading available Gradle versions] INFO  o.e.b.c.i.u.g.PublishedGradleVersions - Gradle version information cache is out-of-date. Trying to update.
2023-01-07 08:37:23,505 [Worker-6: Loading available Gradle versions] INFO  o.e.b.c.i.u.g.PublishedGradleVersions - Gradle version information cache is up-to-date. Trying to read.
2023-01-07 12:37:47,340 [Worker-6: Loading available Gradle versions] INFO  o.e.b.c.i.u.g.PublishedGradleVersions - Gradle version information cache is up-to-date. Trying to read.
2023-01-07 12:45:17,491 [Worker-4: Loading available Gradle versions] INFO  o.e.b.c.i.u.g.PublishedGradleVersions - Gradle version information cache is up-to-date. Trying to read.
2023-01-07 12:53:08,612 [Worker-4: Loading available Gradle versions] INFO  o.e.b.c.i.u.g.PublishedGradleVersions - Gradle version information cache is up-to-date. Trying to read.
2023-01-07 12:55:11,208 [Worker-7: Loading available Gradle versions] INFO  o.e.b.c.i.u.g.PublishedGradleVersions - Gradle version information cache is up-to-date. Trying to read.
2023-01-07 12:56:38,336 [Worker-2: Loading available Gradle versions] INFO  o.e.b.c.i.u.g.PublishedGradleVersions - Gradle version information cache is up-to-date. Trying to read.
2023-01-07 13:28:29,352 [Worker-7: Loading available Gradle versions] INFO  o.e.b.c.i.u.g.PublishedGradleVersions - Gradle version information cache is up-to-date. Trying to read.
2023-02-04 18:52:26,074 [Worker-4: Loading available Gradle versions] INFO  o.e.b.c.i.u.g.PublishedGradleVersions - Gradle version information cache is out-of-date. Trying to update.
2023-02-04 18:52:36,329 [Worker-4: Loading available Gradle versions] INFO  o.e.b.c.i.u.g.PublishedGradleVersions - Updating Gradle version information cache failed. Using outdated cache.
2023-02-15 14:13:25,211 [Worker-9: Loading available Gradle versions] INFO  o.e.b.c.i.u.g.PublishedGradleVersions - Gradle version information cache is out-of-date. Trying to update.
2023-02-15 14:13:36,822 [Worker-9: Loading available Gradle versions] INFO  o.e.b.c.i.u.g.PublishedGradleVersions - Updating Gradle version information cache failed. Using outdated cache.
2023-03-10 16:31:25,198 [Worker-4: Loading available Gradle versions] INFO  o.e.b.c.i.u.g.PublishedGradleVersions - Gradle version information cache is out-of-date. Trying to update.
2023-03-14 12:32:42,648 [Worker-8: Loading available Gradle versions] INFO  o.e.b.c.i.u.g.PublishedGradleVersions - Gradle version information cache is out-of-date. Trying to update.
2023-03-15 17:59:11,464 [Worker-8: Loading available Gradle versions] INFO  o.e.b.c.i.u.g.PublishedGradleVersions - Gradle version information cache is out-of-date. Trying to update.
2023-03-15 22:01:26,717 [Worker-1: Loading available Gradle versions] INFO  o.e.b.c.i.u.g.PublishedGradleVersions - Gradle version information cache is up-to-date. Trying to read.
2023-03-16 12:18:51,478 [Worker-3: Loading available Gradle versions] INFO  o.e.b.c.i.u.g.PublishedGradleVersions - Gradle version information cache is up-to-date. Trying to read.
2023-03-16 12:32:25,289 [Worker-5: Loading available Gradle versions] INFO  o.e.b.c.i.u.g.PublishedGradleVersions - Gradle version information cache is up-to-date. Trying to read.
2023-03-16 13:11:23,023 [Worker-4: Loading available Gradle versions] INFO  o.e.b.c.i.u.g.PublishedGradleVersions - Gradle version information cache is up-to-date. Trying to read.
2023-03-16 20:07:22,908 [Worker-4: Loading available Gradle versions] INFO  o.e.b.c.i.u.g.PublishedGradleVersions - Gradle version information cache is out-of-date. Trying to update.
2023-03-17 12:14:05,225 [Worker-1: Loading available Gradle versions] INFO  o.e.b.c.i.u.g.PublishedGradleVersions - Gradle version information cache is up-to-date. Trying to read.
2023-03-17 14:06:31,784 [Worker-7: Loading available Gradle versions] INFO  o.e.b.c.i.u.g.PublishedGradleVersions - Gradle version information cache is up-to-date. Trying to read.
2023-03-17 19:03:21,333 [Worker-1: Loading available Gradle versions] INFO  o.e.b.c.i.u.g.PublishedGradleVersions - Gradle version information cache is up-to-date. Trying to read.
2023-03-21 21:47:30,650 [Worker-6: Loading available Gradle versions] INFO  o.e.b.c.i.u.g.PublishedGradleVersions - Gradle version information cache is out-of-date. Trying to update.
2023-03-22 16:02:15,562 [Worker-16: Loading available Gradle versions] INFO  o.e.b.c.i.u.g.PublishedGradleVersions - Gradle version information cache is up-to-date. Trying to read.
2023-03-22 22:19:05,865 [Worker-12: Loading available Gradle versions] INFO  o.e.b.c.i.u.g.PublishedGradleVersions - Gradle version information cache is out-of-date. Trying to update.
2023-03-23 12:58:05,936 [Worker-0: Loading available Gradle versions] INFO  o.e.b.c.i.u.g.PublishedGradleVersions - Gradle version information cache is up-to-date. Trying to read.
2023-03-29 21:20:30,286 [Worker-9: Loading available Gradle versions] INFO  o.e.b.c.i.u.g.PublishedGradleVersions - Gradle version information cache is out-of-date. Trying to update.
2023-03-30 12:38:50,012 [Worker-4: Loading available Gradle versions] INFO  o.e.b.c.i.u.g.PublishedGradleVersions - Gradle version information cache is up-to-date. Trying to read.
2023-03-30 12:39:13,809 [Worker-1: Loading available Gradle versions] INFO  o.e.b.c.i.u.g.PublishedGradleVersions - Gradle version information cache is up-to-date. Trying to read.
2023-03-30 13:15:17,903 [Worker-4: Loading available Gradle versions] INFO  o.e.b.c.i.u.g.PublishedGradleVersions - Gradle version information cache is up-to-date. Trying to read.
2023-03-30 20:07:55,547 [Worker-2: Loading available Gradle versions] INFO  o.e.b.c.i.u.g.PublishedGradleVersions - Gradle version information cache is up-to-date. Trying to read.
2023-03-30 21:30:37,425 [Worker-3: Loading available Gradle versions] INFO  o.e.b.c.i.u.g.PublishedGradleVersions - Gradle version information cache is out-of-date. Trying to update.
2023-04-05 22:19:30,255 [Worker-2: Loading available Gradle versions] INFO  o.e.b.c.i.u.g.PublishedGradleVersions - Gradle version information cache is out-of-date. Trying to update.
2023-04-05 22:24:31,406 [Worker-1: Loading available Gradle versions] INFO  o.e.b.c.i.u.g.PublishedGradleVersions - Gradle version information cache is up-to-date. Trying to read.
2023-04-05 22:28:11,875 [Worker-2: Loading available Gradle versions] INFO  o.e.b.c.i.u.g.PublishedGradleVersions - Gradle version information cache is up-to-date. Trying to read.
2023-04-05 22:28:29,684 [Worker-2: Loading available Gradle versions] INFO  o.e.b.c.i.u.g.PublishedGradleVersions - Gradle version information cache is up-to-date. Trying to read.
2023-04-05 22:43:34,812 [Worker-6: Loading available Gradle versions] INFO  o.e.b.c.i.u.g.PublishedGradleVersions - Gradle version information cache is up-to-date. Trying to read.
2023-04-09 13:48:24,047 [Worker-4: Loading available Gradle versions] INFO  o.e.b.c.i.u.g.PublishedGradleVersions - Gradle version information cache is out-of-date. Trying to update.
2023-04-09 14:07:51,973 [Worker-2: Loading available Gradle versions] INFO  o.e.b.c.i.u.g.PublishedGradleVersions - Gradle version information cache is up-to-date. Trying to read.
2023-04-09 14:08:53,051 [Worker-1: Loading available Gradle versions] INFO  o.e.b.c.i.u.g.PublishedGradleVersions - Gradle version information cache is up-to-date. Trying to read.
2023-04-09 14:28:24,201 [Worker-2: Loading available Gradle versions] INFO  o.e.b.c.i.u.g.PublishedGradleVersions - Gradle version information cache is up-to-date. Trying to read.
2023-04-09 19:18:42,120 [Worker-1: Loading available Gradle versions] INFO  o.e.b.c.i.u.g.PublishedGradleVersions - Gradle version information cache is up-to-date. Trying to read.
